p/000062.png 1 0 0 587 900
p/000060.jpg 1 0 0 676 257
p/000054.jpg 1 0 0 800 450
p/000053.jpg 1 0 0 1024 1024
p/000052.png 1 0 0 587 900
p/000051.jpg 1 0 0 400 400
p/000038.png 1 0 0 1024 1024
p/000037.jpg 1 0 0 800 417
p/000035.jpg 1 0 0 768 864
p/000034.jpg 1 0 0 1080 809
p/000031.jpg 1 0 0 1000 559
p/000030.png 1 0 0 587 900
p/000028.png 1 0 0 587 900
p/000026.jpg 1 0 0 2000 1524
p/000021.jpg 1 0 0 1920 1080
p/000019.png 1 0 0 900 506
p/000018.jpg 1 0 0 1920 1080
p/000017.jpg 1 0 0 3840 2160
p/000015.jpg 1 0 0 1920 1080
p/000013.jpg 1 0 0 1920 1080
p/000011.jpg 1 0 0 1024 1024
p/000008.jpg 1 0 0 1200 1200
p/000007.jpg 1 0 0 1920 1080
p/000006.jpg 1 0 0 1280 720
p/000067.png 1 0 0 500 500
p/000061.png 1 0 0 300 294
p/000060.png 1 0 0 799 1024
p/000059.png 1 0 0 300 300
p/000057.png 1 0 0 500 500
p/000055.png 1 0 0 590 924
p/000049.png 1 0 0 512 512
p/000046.png 1 0 0 512 544
p/000040.png 1 0 0 480 647
p/000036.png 1 0 0 480 736
p/000035.png 1 0 0 640 480
p/000032.png 1 0 0 640 415
p/000031.png 1 0 0 480 512
p/000029.png 1 0 0 587 900
p/000025.png 1 0 0 1280 1900
p/000024.png 1 0 0 480 808
p/000020.png 1 0 0 860 1105
p/000018.png 1 0 0 860 1006
p/000017.png 1 0 0 860 1105
p/000015.png 1 0 0 840 859
p/000014.png 1 0 0 587 900
p/000013.png 1 0 0 998 2052
p/000012.png 1 0 0 480 964
p/000011.png 1 0 0 1756 2094
p/000010.png 1 0 0 840 859
p/000009.png 1 0 0 587 900
p/000008.png 1 0 0 789 704
p/000007.png 1 0 0 480 737
p/000006.png 1 0 0 840 859
p/000005.png 1 0 0 587 900
p/000004.png 1 0 0 480 480
p/000003.png 1 0 0 840 859
p/000002.png 1 0 0 480 480
p/000001.png 1 0 0 480 558